mode: atomic
github.com/van-zip/mannco-go/buyorder.go:24.60,29.56 2 10
github.com/van-zip/mannco-go/buyorder.go:29.56,31.3 1 0
github.com/van-zip/mannco-go/buyorder.go:33.2,34.44 2 10
github.com/van-zip/mannco-go/buyorder.go:34.44,37.3 1 2
github.com/van-zip/mannco-go/buyorder.go:41.2,41.19 1 8
github.com/van-zip/mannco-go/buyorder.go:41.19,43.51 2 2
github.com/van-zip/mannco-go/buyorder.go:43.51,45.4 1 1
github.com/van-zip/mannco-go/buyorder.go:46.3,47.13 2 1
github.com/van-zip/mannco-go/buyorder.go:51.2,52.50 2 6
github.com/van-zip/mannco-go/buyorder.go:52.50,54.3 1 2
github.com/van-zip/mannco-go/buyorder.go:56.2,58.21 3 4
github.com/van-zip/mannco-go/buyorder.go:58.21,59.18 1 7
github.com/van-zip/mannco-go/buyorder.go:59.18,62.12 3 1
github.com/van-zip/mannco-go/buyorder.go:64.3,65.17 2 6
github.com/van-zip/mannco-go/buyorder.go:65.17,67.4 1 1
github.com/van-zip/mannco-go/buyorder.go:68.3,68.25 1 5
github.com/van-zip/mannco-go/buyorder.go:70.2,73.25 3 3
github.com/van-zip/mannco-go/buyorder.go:73.25,75.3 1 5
github.com/van-zip/mannco-go/buyorder.go:76.2,76.17 1 3
github.com/van-zip/mannco-go/buyorder.go:76.17,78.3 1 1
github.com/van-zip/mannco-go/buyorder.go:79.2,80.12 2 3
github.com/van-zip/mannco-go/buyorder.go:91.89,93.2 1 5
github.com/van-zip/mannco-go/buyorder.go:96.87,103.16 3 5
github.com/van-zip/mannco-go/buyorder.go:103.16,105.3 1 0
github.com/van-zip/mannco-go/buyorder.go:106.2,107.12 2 5
github.com/van-zip/mannco-go/item.go:149.82,151.2 1 2
github.com/van-zip/mannco-go/item.go:154.98,155.27 1 2
github.com/van-zip/mannco-go/item.go:155.27,157.3 1 1
github.com/van-zip/mannco-go/item.go:158.2,159.29 2 1
github.com/van-zip/mannco-go/item.go:159.29,161.3 1 2
github.com/van-zip/mannco-go/item.go:162.2,164.92 3 1
github.com/van-zip/mannco-go/item.go:168.110,169.18 1 8
github.com/van-zip/mannco-go/item.go:169.18,171.3 1 1
github.com/van-zip/mannco-go/item.go:172.2,174.113 3 8
github.com/van-zip/mannco-go/item.go:178.125,180.18 2 3
github.com/van-zip/mannco-go/item.go:180.18,182.3 1 1
github.com/van-zip/mannco-go/item.go:184.2,185.17 2 3
github.com/van-zip/mannco-go/item.go:185.17,186.21 1 1
github.com/van-zip/mannco-go/item.go:186.21,188.4 1 1
github.com/van-zip/mannco-go/item.go:189.3,189.20 1 1
github.com/van-zip/mannco-go/item.go:189.20,191.4 1 1
github.com/van-zip/mannco-go/item.go:192.3,192.20 1 1
github.com/van-zip/mannco-go/item.go:192.20,194.4 1 1
github.com/van-zip/mannco-go/item.go:197.2,197.77 1 3
github.com/van-zip/mannco-go/mannco.go:35.35,37.2 1 22
github.com/van-zip/mannco-go/mannco.go:57.61,58.23 1 43
github.com/van-zip/mannco-go/mannco.go:58.23,62.3 1 42
github.com/van-zip/mannco-go/mannco.go:63.2,67.3 1 43
github.com/van-zip/mannco-go/mannco.go:71.39,75.2 3 1
github.com/van-zip/mannco-go/mannco.go:78.34,82.2 3 42
github.com/van-zip/mannco-go/mannco.go:85.41,89.2 3 42
github.com/van-zip/mannco-go/mannco.go:92.38,97.2 3 42
github.com/van-zip/mannco-go/mannco.go:100.133,104.16 3 42
github.com/van-zip/mannco-go/mannco.go:104.16,106.3 1 0
github.com/van-zip/mannco-go/mannco.go:107.2,107.24 1 42
github.com/van-zip/mannco-go/mannco.go:107.24,109.3 1 15
github.com/van-zip/mannco-go/mannco.go:111.2,112.17 2 42
github.com/van-zip/mannco-go/mannco.go:112.17,114.3 1 7
github.com/van-zip/mannco-go/mannco.go:116.2,117.16 2 42
github.com/van-zip/mannco-go/mannco.go:117.16,119.3 1 0
github.com/van-zip/mannco-go/mannco.go:121.2,122.34 2 42
github.com/van-zip/mannco-go/mannco.go:122.34,124.3 1 42
github.com/van-zip/mannco-go/mannco.go:125.2,126.16 2 42
github.com/van-zip/mannco-go/mannco.go:126.16,128.3 1 3
github.com/van-zip/mannco-go/mannco.go:130.2,130.15 1 39
github.com/van-zip/mannco-go/mannco.go:130.15,132.3 1 39
github.com/van-zip/mannco-go/mannco.go:133.2,134.16 2 39
github.com/van-zip/mannco-go/mannco.go:134.16,136.3 1 0
github.com/van-zip/mannco-go/mannco.go:138.2,138.38 1 39
github.com/van-zip/mannco-go/mannco.go:138.38,141.48 3 14
github.com/van-zip/mannco-go/mannco.go:141.48,143.4 1 14
github.com/van-zip/mannco-go/mannco.go:144.3,145.92 2 14
github.com/van-zip/mannco-go/mannco.go:145.92,147.4 1 5
github.com/van-zip/mannco-go/mannco.go:148.3,148.60 1 9
github.com/van-zip/mannco-go/mannco.go:150.2,151.63 2 25
github.com/van-zip/mannco-go/mannco.go:151.63,153.3 1 4
github.com/van-zip/mannco-go/mannco.go:155.2,155.45 1 21
github.com/van-zip/mannco-go/mannco.go:155.45,157.3 1 4
github.com/van-zip/mannco-go/mannco.go:158.2,158.33 1 17
github.com/van-zip/mannco-go/user.go:12.80,15.16 3 2
github.com/van-zip/mannco-go/user.go:15.16,17.3 1 0
github.com/van-zip/mannco-go/user.go:19.2,20.16 2 2
github.com/van-zip/mannco-go/user.go:20.16,22.3 1 1
github.com/van-zip/mannco-go/user.go:24.2,26.25 2 1
github.com/van-zip/mannco-go/user.go:30.60,32.16 2 13
github.com/van-zip/mannco-go/user.go:32.16,34.3 1 12
github.com/van-zip/mannco-go/user.go:35.2,35.29 1 1
github.com/van-zip/mannco-go/user.go:39.106,41.17 2 1
github.com/van-zip/mannco-go/user.go:41.17,42.20 1 1
github.com/van-zip/mannco-go/user.go:42.20,44.4 1 1
github.com/van-zip/mannco-go/user.go:45.3,45.21 1 1
github.com/van-zip/mannco-go/user.go:45.21,47.4 1 1
github.com/van-zip/mannco-go/user.go:49.2,49.99 1 1
github.com/van-zip/mannco-go/user.go:53.100,55.17 2 1
github.com/van-zip/mannco-go/user.go:55.17,56.20 1 1
github.com/van-zip/mannco-go/user.go:56.20,58.4 1 1
github.com/van-zip/mannco-go/user.go:59.3,59.21 1 1
github.com/van-zip/mannco-go/user.go:59.21,61.4 1 1
github.com/van-zip/mannco-go/user.go:62.3,62.24 1 1
github.com/van-zip/mannco-go/user.go:62.24,64.4 1 1
github.com/van-zip/mannco-go/user.go:65.3,65.24 1 1
github.com/van-zip/mannco-go/user.go:65.24,67.4 1 1
github.com/van-zip/mannco-go/user.go:69.2,69.93 1 1
github.com/van-zip/mannco-go/user.go:73.103,75.17 2 1
github.com/van-zip/mannco-go/user.go:75.17,76.20 1 1
github.com/van-zip/mannco-go/user.go:76.20,78.4 1 1
github.com/van-zip/mannco-go/user.go:79.3,79.21 1 1
github.com/van-zip/mannco-go/user.go:79.21,81.4 1 1
github.com/van-zip/mannco-go/user.go:83.2,83.96 1 1
github.com/van-zip/mannco-go/examples/example.go:13.13,30.16 8 0
github.com/van-zip/mannco-go/examples/example.go:30.16,32.3 1 0
github.com/van-zip/mannco-go/examples/example.go:34.2,36.16 3 0
github.com/van-zip/mannco-go/examples/example.go:36.16,38.3 1 0
github.com/van-zip/mannco-go/examples/example.go:40.2,47.16 5 0
github.com/van-zip/mannco-go/examples/example.go:47.16,50.3 2 0
github.com/van-zip/mannco-go/examples/example.go:52.2,56.38 2 0
github.com/van-zip/mannco-go/examples/example.go:56.38,62.3 1 0
